<?xml version="1.0" encoding="utf-8"?><testsuites><testsuite name="pytest" errors="0" failures="0" skipped="0" tests="15" time="1.368" timestamp="2025-02-17T22:44:49.234159+08:00" hostname="DAAA-NB2309264"><testcase classname="test.test_integration" name="test_in_memory_db" time="0.703" /><testcase classname="test.test_integration" name="test_user_registration" time="0.004" /><testcase classname="test.test_integration" name="test_user_login" time="0.002" /><testcase classname="test.test_integration" name="test_user_deletion" time="0.003" /><testcase classname="test.test_integration" name="test_user_update" time="0.004" /><testcase classname="test.test_integration" name="test_database_rollback_on_error" time="0.004" /><testcase classname="test.test_integration" name="test_multiple_user_query" time="0.006" /><testcase classname="test.test_integration" name="test_unique_constraints" time="0.003" /><testcase classname="test.test_unit" name="test_valid_login" time="0.213" /><testcase classname="test.test_unit" name="test_valid_image_prediction[A-cgan]" time="0.081" /><testcase classname="test.test_unit" name="test_valid_image_prediction[B-dcgan]" time="0.077" /><testcase classname="test.test_unit" name="test_valid_image_prediction[C-gan]" time="0.074" /><testcase classname="test.test_unit" name="test_valid_image_prediction[D-pix2pix]" time="0.074" /><testcase classname="test.test_unit" name="test_predicted_on_default" time="0.003" /><testcase classname="test.test_unit" name="test_missing_all_fields" time="0.005" /></testsuite></testsuites>